Arguments: 
  C:\Program Files\nodejs\node.exe C:\Users\jason\AppData\Roaming\npm\node_modules\yarn\bin\yarn.js jest

PATH: 
  C:\Users\jason\bin;C:\Program Files\Git\mingw64\bin;C:\Program Files\Git\usr\local\bin;C:\Program Files\Git\usr\bin;C:\Program Files\Git\usr\bin;C:\Program Files\Git\mingw64\bin;C:\Program Files\Git\usr\bin;C:\Users\jason\bin;C:\Program Files\Common Files\Oracle\Java\javapath;C:\Python39\Scripts;C:\Python39;C:\Windows\system32;C:\Windows;C:\Windows\System32\Wbem;C:\Windows\System32\WindowsPowerShell\v1.0;C:\Windows\System32\OpenSSH;C:\Program Files (x86)\NVIDIA Corporation\PhysX\Common;C:\Program Files\Git\cmd;C:\Program Files\nodejs;C:\ProgramData\chocolatey\bin;C:\Users\jason\AppData\Local\Microsoft\WindowsApps;C:\Users\jason\AppData\Roaming\npm;C:\Users\jason\AppData\Local\Programs\Microsoft VS Code\bin;C:\tools\dart-sdk\bin;C:\Users\jason\AppData\Roaming\Pub\Cache\bin;C:\Program Files\Git\usr\bin\vendor_perl;C:\Program Files\Git\usr\bin\core_perl

Yarn version: 
  1.22.10

Node version: 
  14.15.5

Platform: 
  win32 x64

Trace: 
  SyntaxError: C:\Users\jason\Documents\Jason\Practice\Testing\42721\package.json: Unexpected token } in JSON at position 216
      at JSON.parse (<anonymous>)
      at C:\Users\jason\AppData\Roaming\npm\node_modules\yarn\lib\cli.js:1625:59
      at Generator.next (<anonymous>)
      at step (C:\Users\jason\AppData\Roaming\npm\node_modules\yarn\lib\cli.js:310:30)
      at C:\Users\jason\AppData\Roaming\npm\node_modules\yarn\lib\cli.js:321:13

npm manifest: 
  {
    "name": "jesttesting1",
    "version": "1.0.0",
    "description": "Jest testing practice.",
    "main": "testing1.js",
    "author": "Jason Hedrick",
    "license": "MIT",
    "scripts": {
      "jest": "jest testing1.js",
    }
  }

yarn manifest: 
  No manifest

Lockfile: 
  No lockfile
